<?xml version="1.0" encoding="UTF-8"?>
<!-- Generated by org.testng.reporters.JUnitReportReporter -->
<testsuite skipped="0" hostname="PHESL51147" name="testcases.tc1_StandAloneOrderToLab" tests="2" failures="0" timestamp="02 Nov 2022 17:40:57 GMT" time="24.267" errors="0">
  <testcase name="submitStandAloneOrderToLab" time="19.759" classname="testcases.tc1_StandAloneOrderToLab"/>
  <testcase name="loginToStellest" time="4.508" classname="testcases.tc1_StandAloneOrderToLab"/>
</testsuite> <!-- testcases.tc1_StandAloneOrderToLab -->
