<?xml version="1.0" encoding="UTF-8"?>
<!-- Generated by org.testng.reporters.JUnitReportReporter -->
<testsuite skipped="0" hostname="PHESL51147" name="testcases.tc3_BookWaitListAppointment" tests="2" failures="0" timestamp="01 Nov 2022 20:18:46 GMT" time="7.325" errors="0">
  <testcase name="bookWaitListAppoitment" time="0.005" classname="testcases.tc3_BookWaitListAppointment"/>
  <testcase name="loginToStellest" time="7.320" classname="testcases.tc3_BookWaitListAppointment"/>
</testsuite> <!-- testcases.tc3_BookWaitListAppointment -->
