<?xml version="1.0" encoding="UTF-8"?>
<!-- Generated by org.testng.reporters.JUnitReportReporter -->
<testsuite skipped="0" hostname="PHESL51147" name="commons.commonLogin" tests="1" failures="0" timestamp="31 Oct 2022 15:21:49 GMT" time="4.956" errors="0">
  <testcase name="verifyLogin" time="4.956" classname="commons.commonLogin"/>
</testsuite> <!-- commons.commonLogin -->
