<?xml version="1.0" encoding="UTF-8"?>
<!-- Generated by org.testng.reporters.JUnitReportReporter -->
<testsuite skipped="0" hostname="PHESL51147" name="testcases.tc2_StandAloneOrderToCSR" tests="2" failures="0" timestamp="02 Nov 2022 17:42:04 GMT" time="20.899" errors="0">
  <testcase name="loginToStellest" time="4.656" classname="testcases.tc2_StandAloneOrderToCSR"/>
  <testcase name="submitStandAloneOrderToCSR" time="16.243" classname="testcases.tc2_StandAloneOrderToCSR"/>
</testsuite> <!-- testcases.tc2_StandAloneOrderToCSR -->
